[debug] > Exec(early(addDefaultCommands), None, None)
[debug] > Exec(addDefaultCommands, None, None)
[debug] > Exec(early(initialize), None, None)
[debug] > Exec(initialize, None, None)
[debug] > Exec(boot, None, None)
[debug] > Exec(writeSbtVersion, None, None)
[debug] > Exec(reload, None, None)
[debug] > Exec(sbtStashOnFailure, None, None)
[debug] > Exec(onFailure loadFailed, None, None)
[debug] > Exec(loadp, None, None)
[info] welcome to sbt 1.10.5 (Homebrew Java 23)
[debug] Load.defaultLoad until apply took 25.081083ms
[debug]           Load.loadUnit: plugins took 21.944584ms
[debug]           Load.loadUnit: defsScala took 0.083ms
[debug] [Loading] Scanning directory /Users/amangarg/Downloads/akka-event-service/project
[debug] [Loading] Found non-root projects 
[debug] [Loading] Done in /Users/amangarg/Downloads/akka-event-service/project, returning: ()
[debug] deducing auto plugins based on known facts Set(Atom(sbt.plugins.CorePlugin)) and clauses Clauses(Clause(Atom(sbt.plugins.JvmPlugin),Set(Atom(sbt.plugins.IvyPlugin)))
[debug] Clause(Atom(sbt.ScriptedPlugin),Set(Atom(sbt.plugins.JvmPlugin)))
[debug] Clause(Atom(sbt.plugins.SbtPlugin),Set(Atom(sbt.ScriptedPlugin)))
[debug] Clause(Atom(sbt.plugins.SemanticdbPlugin),Set(Atom(sbt.plugins.JvmPlugin)))
[debug] Clause(Atom(sbt.plugins.JUnitXmlReportPlugin),Set(Atom(sbt.plugins.JvmPlugin)))
[debug] Clause(Atom(sbt.plugins.MiniDependencyTreePlugin),Set(Atom(sbt.plugins.JvmPlugin)))
[debug] Clause(Atom(sbt.plugins.CorePlugin),Set(Atom(sbt.plugins.IvyPlugin)))
[debug] Clause(Atom(sbt.plugins.IvyPlugin),Set(Atom(sbt.plugins.JvmPlugin)))
[debug] Clause(Atom(sbt.plugins.JvmPlugin),Set(Atom(sbt.plugins.SemanticdbPlugin)))
[debug] Clause(Atom(sbt.plugins.JvmPlugin),Set(Atom(sbt.plugins.JUnitXmlReportPlugin)))
[debug] Clause(Atom(sbt.plugins.CorePlugin),Set(Atom(sbt.plugins.Giter8TemplatePlugin)))
[debug] Clause(Atom(sbt.plugins.JvmPlugin),Set(Atom(sbt.plugins.MiniDependencyTreePlugin))))
[debug]   :: deduced result: Matched(sbt.plugins.CorePlugin,sbt.plugins.Giter8TemplatePlugin,sbt.plugins.IvyPlugin,sbt.plugins.JvmPlugin,sbt.plugins.MiniDependencyTreePlugin,sbt.plugins.JUnitXmlReportPlugin,sbt.plugins.SemanticdbPlugin)
[debug] Plugins.deducer#function took 4.467875 ms
[debug]               Load.resolveProject(akka-event-service-build) took 12.427708ms
[debug]             Load.loadTransitive: finalizeProject(Project(id akka-event-service-build, base: /Users/amangarg/Downloads/akka-event-service/project, plugins: List(<none>))) took 24.402583ms
[debug] [Loading] Done in /Users/amangarg/Downloads/akka-event-service/project, returning: (akka-event-service-build)
[debug]           Load.loadUnit: loadedProjectsRaw took 33.20975ms
[debug]           Load.loadUnit: cleanEvalClasses took 0.061ms
[debug]         Load.loadUnit(file:/Users/amangarg/Downloads/akka-event-service/project/, ...) took 57.07075ms
[debug]       Load.apply: load took 329.827125ms
[debug]       Load.apply: resolveProjects took 2.205667ms
[debug]       Load.apply: finalTransforms took 23.388292ms
[debug]       Load.apply: config.delegates took 1.868209ms
[debug]       Load.apply: Def.make(settings)... took 114.554208ms
[debug]       Load.apply: structureIndex took 32.362375ms
[debug]       Load.apply: mkStreams took 0.4105ms
[info] loading project definition from /Users/amangarg/Downloads/akka-event-service/project
[debug] Running task... Cancel: Signal, check cycles: false, forcegc: true
[debug]     Load.loadUnit: plugins took 824.283667ms
[debug]     Load.loadUnit: defsScala took 0.001083ms
[debug] [Loading] Scanning directory /Users/amangarg/Downloads/akka-event-service
[debug]       Load.loadUnit: mkEval took 10.373083ms
[debug] [Loading] Found root project root w/ remaining 
[debug] deducing auto plugins based on known facts Set(Atom(sbt.plugins.CorePlugin)) and clauses Clauses(Clause(Atom(sbt.plugins.JvmPlugin),Set(Atom(sbt.plugins.IvyPlugin)))
[debug] Clause(Atom(sbt.ScriptedPlugin),Set(Atom(sbt.plugins.JvmPlugin)))
[debug] Clause(Atom(sbt.plugins.SbtPlugin),Set(Atom(sbt.ScriptedPlugin)))
[debug] Clause(Atom(sbt.plugins.SemanticdbPlugin),Set(Atom(sbt.plugins.JvmPlugin)))
[debug] Clause(Atom(sbt.plugins.JUnitXmlReportPlugin),Set(Atom(sbt.plugins.JvmPlugin)))
[debug] Clause(Atom(sbt.plugins.MiniDependencyTreePlugin),Set(Atom(sbt.plugins.JvmPlugin)))
[debug] Clause(Atom(sbt.plugins.CorePlugin),Set(Atom(sbt.plugins.IvyPlugin)))
[debug] Clause(Atom(sbt.plugins.IvyPlugin),Set(Atom(sbt.plugins.JvmPlugin)))
[debug] Clause(Atom(sbt.plugins.JvmPlugin),Set(Atom(sbt.plugins.SemanticdbPlugin)))
[debug] Clause(Atom(sbt.plugins.JvmPlugin),Set(Atom(sbt.plugins.JUnitXmlReportPlugin)))
[debug] Clause(Atom(sbt.plugins.CorePlugin),Set(Atom(sbt.plugins.Giter8TemplatePlugin)))
[debug] Clause(Atom(sbt.plugins.JvmPlugin),Set(Atom(sbt.plugins.MiniDependencyTreePlugin))))
[debug]   :: deduced result: Matched(sbt.plugins.CorePlugin,sbt.plugins.Giter8TemplatePlugin,sbt.plugins.IvyPlugin,sbt.plugins.JvmPlugin,sbt.plugins.MiniDependencyTreePlugin,sbt.plugins.JUnitXmlReportPlugin,sbt.plugins.SemanticdbPlugin)
[debug] Plugins.deducer#function took 0.726584 ms
[info] loading settings for project root from build.sbt ...
[debug]         Load.resolveProject(root) took 0.843666ms
[debug]       Load.loadTransitive: finalizeProject(Project(id root, base: /Users/amangarg/Downloads/akka-event-service, plugins: List(<none>))) took 1.8715ms
[debug] [Loading] Done in /Users/amangarg/Downloads/akka-event-service, returning: (root)
[debug]     Load.loadUnit: loadedProjectsRaw took 55.405458ms
[debug]     Load.loadUnit: cleanEvalClasses took 1.432667ms
[debug]   Load.loadUnit(file:/Users/amangarg/Downloads/akka-event-service/, ...) took 881.523167ms
[debug] Load.apply: load took 887.674916ms
[debug] Load.apply: resolveProjects took 0.059959ms
[debug] Load.apply: finalTransforms took 5.08875ms
[debug] Load.apply: config.delegates took 0.136041ms
[debug] Load.apply: Def.make(settings)... took 29.561125ms
[debug] Load.apply: structureIndex took 10.703458ms
[debug] Load.apply: mkStreams took 0.001458ms
[info] set current project to akka-event-service (in build file:/Users/amangarg/Downloads/akka-event-service/)
[debug] > Exec(sbtPopOnFailure, None, None)
[debug] > Exec(resumeFromFailure, None, None)
[debug] > Exec(notifyUsersAboutShell, None, None)
[debug] > Exec(iflast shell, None, None)
[debug] > Exec(shell, None, None)
[info] sbt server started at local:///Users/amangarg/.sbt/1.0/server/bdf6e87cb4d8326adc36/sock
[debug] Writing bsp connection file
[info] started sbt server
