[debug] > Exec(;set _root_.scala.collection.Seq(historyPath := None,shellPrompt := { _ => "" },SettingKey[_root_.scala.Option[_root_.sbt.File]]("sbtStructureOutputFile") in _root_.sbt.Global := _root_.scala.Some(_root_.sbt.file("/private/var/folders/vf/v40wxkqn4292kh6khs2j88zh0000gp/T/sbt-structure.xml")),SettingKey[_root_.java.lang.String]("sbtStructureOptions") in _root_.sbt.Global := "download, resolveSourceClassifiers");apply -cp "/Users/amangarg/Library/Application Support/JetBrains/IntelliJIdea2024.2/plugins/Scala/repo/org/jetbrains/scala/sbt-structure-extractor_2.12_1.3/2024.2.2/sbt-structure-extractor-2024.2.2.jar" "org.jetbrains.sbt.CreateTasks" "sbt.jetbrains.LogDownloadArtifacts";preferScala2;*/*:dumpStructure, Some(6bb100a6-a225-4236-86ff-7465f82d4683), Some(CommandSource(console0)))
[debug] > Exec(set _root_.scala.collection.Seq(historyPath := None,shellPrompt := { _ => "" },SettingKey[_root_.scala.Option[_root_.sbt.File]]("sbtStructureOutputFile") in _root_.sbt.Global := _root_.scala.Some(_root_.sbt.file("/private/var/folders/vf/v40wxkqn4292kh6khs2j88zh0000gp/T/sbt-structure.xml")),SettingKey[_root_.java.lang.String]("sbtStructureOptions") in _root_.sbt.Global := "download, resolveSourceClassifiers"), None, Some(CommandSource(console0)))
[info] Defining Global / sbtStructureOptions, Global / sbtStructureOutputFile and 1 others.
[info] The new values will be used by cleanKeepGlobs
[info] 	Run `last` for details.
[debug] Defining 
[debug] 	Global / sbtStructureOptions
[debug] 	Global / sbtStructureOutputFile
[debug] 	history
[debug] 	shellPrompt
[debug] 
[debug] The new values will be used by 
[debug] 	cleanKeepGlobs
[info] Reapplying settings...
[info] set current project to akka-event-service (in build file:/Users/amangarg/Downloads/akka-event-service/)
[debug] > Exec(apply -cp "/Users/amangarg/Library/Application Support/JetBrains/IntelliJIdea2024.2/plugins/Scala/repo/org/jetbrains/scala/sbt-structure-extractor_2.12_1.3/2024.2.2/sbt-structure-extractor-2024.2.2.jar" "org.jetbrains.sbt.CreateTasks" "sbt.jetbrains.LogDownloadArtifacts", None, Some(CommandSource(console0)))
[info] Applying State transformations org.jetbrains.sbt.CreateTasks, sbt.jetbrains.LogDownloadArtifacts from /Users/amangarg/Library/Application Support/JetBrains/IntelliJIdea2024.2/plugins/Scala/repo/org/jetbrains/scala/sbt-structure-extractor_2.12_1.3/2024.2.2/sbt-structure-extractor-2024.2.2.jar
[info] Reapplying settings...
[info] set current project to akka-event-service (in build file:/Users/amangarg/Downloads/akka-event-service/)
[info] Reapplying settings...
[info] set current project to akka-event-service (in build file:/Users/amangarg/Downloads/akka-event-service/)
[debug] > Exec(preferScala2, None, Some(CommandSource(console0)))
[debug] > Exec(*/*:dumpStructure, None, Some(CommandSource(console0)))
[debug] Evaluating tasks: Global / dumpStructure
[warn] sbt 0.13 shell syntax is deprecated; use slash syntax instead: Global / dumpStructure
[debug] Running task... Cancel: Signal, check cycles: false, forcegc: true
[info] downloading https://repo1.maven.org/maven2/org/scala-lang/scala3-sbt-bridge/3.3.3/scala3-sbt-bridge-3.3.3.pom
[info] downloaded https://repo1.maven.org/maven2/org/scala-lang/scala3-sbt-bridge/3.3.3/scala3-sbt-bridge-3.3.3.pom
[info] downloading https://repo1.maven.org/maven2/org/scala-lang/scala3-library_3/3.3.3/scala3-library_3-3.3.3.pom
[info] downloaded https://repo1.maven.org/maven2/org/scala-lang/scala3-library_3/3.3.3/scala3-library_3-3.3.3.pom
[info] downloading https://repo1.maven.org/maven2/org/scala-lang/scala-library/2.13.12/scala-library-2.13.12.pom
[info] downloaded https://repo1.maven.org/maven2/org/scala-lang/scala-library/2.13.12/scala-library-2.13.12.pom
[info] downloading https://repo1.maven.org/maven2/org/scala-lang/scala3-compiler_3/3.3.3/scala3-compiler_3-3.3.3.pom
[info] downloaded https://repo1.maven.org/maven2/org/scala-lang/scala3-compiler_3/3.3.3/scala3-compiler_3-3.3.3.pom
[info] downloading https://repo1.maven.org/maven2/org/scala-sbt/compiler-interface/1.9.3/compiler-interface-1.9.3.pom
[info] downloading https://repo1.maven.org/maven2/org/scala-lang/scala3-interfaces/3.3.3/scala3-interfaces-3.3.3.pom
[info] downloading https://repo1.maven.org/maven2/org/jline/jline-reader/3.19.0/jline-reader-3.19.0.pom
[info] downloading https://repo1.maven.org/maven2/org/scala-lang/tasty-core_3/3.3.3/tasty-core_3-3.3.3.pom
[info] downloading https://repo1.maven.org/maven2/org/jline/jline-terminal/3.19.0/jline-terminal-3.19.0.pom
[info] downloading https://repo1.maven.org/maven2/org/scala-lang/modules/scala-asm/9.5.0-scala-1/scala-asm-9.5.0-scala-1.pom
[info] downloaded https://repo1.maven.org/maven2/org/scala-sbt/compiler-interface/1.9.3/compiler-interface-1.9.3.pom
[info] downloading https://repo1.maven.org/maven2/org/jline/jline-terminal-jna/3.19.0/jline-terminal-jna-3.19.0.pom
[info] downloaded https://repo1.maven.org/maven2/org/jline/jline-terminal-jna/3.19.0/jline-terminal-jna-3.19.0.pom
[info] downloaded https://repo1.maven.org/maven2/org/jline/jline-terminal/3.19.0/jline-terminal-3.19.0.pom
[info] downloaded https://repo1.maven.org/maven2/org/scala-lang/scala3-interfaces/3.3.3/scala3-interfaces-3.3.3.pom
[info] downloaded https://repo1.maven.org/maven2/org/scala-lang/tasty-core_3/3.3.3/tasty-core_3-3.3.3.pom
[info] downloaded https://repo1.maven.org/maven2/org/scala-lang/modules/scala-asm/9.5.0-scala-1/scala-asm-9.5.0-scala-1.pom
[info] downloaded https://repo1.maven.org/maven2/org/jline/jline-reader/3.19.0/jline-reader-3.19.0.pom
[info] downloading https://repo1.maven.org/maven2/org/jline/jline-parent/3.19.0/jline-parent-3.19.0.pom
[info] downloaded https://repo1.maven.org/maven2/org/jline/jline-parent/3.19.0/jline-parent-3.19.0.pom
[info] downloading https://repo1.maven.org/maven2/net/java/dev/jna/jna/5.3.1/jna-5.3.1.pom
[info] downloading https://repo1.maven.org/maven2/org/scala-sbt/util-interface/1.9.2/util-interface-1.9.2.pom
[info] downloaded https://repo1.maven.org/maven2/net/java/dev/jna/jna/5.3.1/jna-5.3.1.pom
[info] downloaded https://repo1.maven.org/maven2/org/scala-sbt/util-interface/1.9.2/util-interface-1.9.2.pom
[info] downloading https://repo1.maven.org/maven2/org/scala-lang/scaladoc_3/3.3.3/scaladoc_3-3.3.3.pom
[info] downloaded https://repo1.maven.org/maven2/org/scala-lang/scaladoc_3/3.3.3/scaladoc_3-3.3.3.pom
[info] downloading https://repo1.maven.org/maven2/org/scala-lang/scala3-tasty-inspector_3/3.3.3/scala3-tasty-inspector_3-3.3.3.pom
[info] downloaded https://repo1.maven.org/maven2/org/scala-lang/scala3-tasty-inspector_3/3.3.3/scala3-tasty-inspector_3-3.3.3.pom
[info] downloading https://repo1.maven.org/maven2/org/scala-lang/scala3-sbt-bridge/3.3.3/scala3-sbt-bridge-3.3.3.jar
[info] downloaded https://repo1.maven.org/maven2/org/scala-lang/scala3-sbt-bridge/3.3.3/scala3-sbt-bridge-3.3.3.jar
[info] downloading https://repo1.maven.org/maven2/org/scala-lang/tasty-core_3/3.3.3/tasty-core_3-3.3.3.jar
[info] downloading https://repo1.maven.org/maven2/org/scala-sbt/compiler-interface/1.9.3/compiler-interface-1.9.3.jar
[info] downloading https://repo1.maven.org/maven2/net/java/dev/jna/jna/5.3.1/jna-5.3.1.jar
[info] downloading https://repo1.maven.org/maven2/org/scala-lang/scaladoc_3/3.3.3/scaladoc_3-3.3.3.jar
[info] downloading https://repo1.maven.org/maven2/org/scala-lang/scala3-compiler_3/3.3.3/scala3-compiler_3-3.3.3.jar
[info] downloading https://repo1.maven.org/maven2/org/scala-lang/modules/scala-asm/9.5.0-scala-1/scala-asm-9.5.0-scala-1.jar
[info] downloaded https://repo1.maven.org/maven2/org/scala-lang/tasty-core_3/3.3.3/tasty-core_3-3.3.3.jar
[info] downloading https://repo1.maven.org/maven2/org/scala-lang/scala3-library_3/3.3.3/scala3-library_3-3.3.3.jar
[info] downloaded https://repo1.maven.org/maven2/org/scala-sbt/compiler-interface/1.9.3/compiler-interface-1.9.3.jar
[info] downloading https://repo1.maven.org/maven2/org/scala-lang/scala3-tasty-inspector_3/3.3.3/scala3-tasty-inspector_3-3.3.3.jar
[info] shutting down sbt server
